Name: CCTV-1, URL: http://[2409:8087:5e00:24::1e]:6060/200000001898/460000089800010144/1.m3u8, Date: 06-11-2024, Resolution: None, Response Time: inf ms
Name: CCTV-2, URL: http://[2409:8087:5e00:24::1e]:6060/200000001898/460000089800010211/1.m3u8, Date: 06-11-2024, Resolution: None, Response Time: inf ms
Name: CCTV-2, URL: http://[2409:8087:1e03:21::2]:6060/cms001/ch00000090990000001220/index.m3u8, Date: 12-26-2023, Resolution: None, Response Time: inf ms
Name: CCTV-2, URL: http://[2409:8087:74F1:0021::0008]:80/PLTV/88888888/224/3221226220/1.m3u8, Date: 11-23-2023, Resolution: None, Response Time: inf ms
Name: CCTV-2, URL: http://[2409:8087:7004:20:1000::22]:6610/yinhe/2/ch00000090990000001293/index.m3u8?virtualDomain=yinhe.live_hls.zte.com, Date: 08-28-2023, Resolution: None, Response Time: inf ms
Name: CCTV-3, URL: http://[2409:8087:5e00:24::1e]:6060/200000001898/460000089800010212/1.m3u8, Date: 06-11-2024, Resolution: None, Response Time: inf ms
Name: CCTV-3, URL: http://[2409:8087:7004:20:1000::22]:6610/yinhe/2/ch00000090990000001598/index.m3u8?virtualDomain=yinhe.live_hls.zte.com, Date: 01-05-2024, Resolution: None, Response Time: inf ms
Name: CCTV-3, URL: http://[2409:8087:1e03:21::2]:6060/cms001/ch00000090990000001186/index.m3u8, Date: 12-26-2023, Resolution: None, Response Time: inf ms
Name: CCTV-3, URL: http://[2409:8087:74F1:0021::0008]:80/PLTV/88888888/224/3221226490/1.m3u8, Date: 11-25-2023, Resolution: None, Response Time: inf ms
Name: CCTV-3, URL: http://[2409:8087:2001:20:2800:0:df6e:eb20]/ott.mobaibox.com/PLTV/4/224/3221228499/index.m3u8, Date: 08-19-2023, Resolution: None, Response Time: inf ms
Name: CCTV-3, URL: http://[2409:8087:5011:1020::1f]/180000001001/00000001000000001001000000000051/main.m3u8?IASHttpSessionId=OTT, Date: 04-13-2023, Resolution: None, Response Time: inf ms
Name: CCTV-4, URL: http://[2409:8087:5e00:24::1e]:6060/200000001898/460000089800010017/1.m3u8, Date: 06-11-2024, Resolution: None, Response Time: inf ms
Name: CCTV-4, URL: http://[2409:8087:1e03:21::2]:6060/cms001/ch00000090990000001221/index.m3u8, Date: 12-26-2023, Resolution: None, Response Time: inf ms
Name: CCTV-4, URL: http://[2409:8087:74F1:0021::0008]:80/PLTV/88888888/224/3221226539/1.m3u8, Date: 12-15-2023, Resolution: None, Response Time: inf ms
Name: CCTV-4, URL: http://[2409:8087:7004:20:1000::22]:6610/yinhe/2/ch00000090990000001290/index.m3u8?virtualDomain=yinhe.live_hls.zte.com, Date: 08-28-2023, Resolution: None, Response Time: inf ms
Name: CCTV-5, URL: http://[2409:8087:5e00:24::1e]:6060/200000001898/460000089800010145/1.m3u8, Date: 06-15-2024, Resolution: 1920x1080, Response Time: inf ms
Name: CCTV-5, URL: http://[2409:8087:5e00:24::1e]:6060/200000001898/460000089800010139/1.m3u8, Date: 06-11-2024, Resolution: 1920x1080, Response Time: inf ms
Name: CCTV-5, URL: http://[2409:8087:1a01:df::4077]/ottrrs.hl.chinamobile.com/PLTV/88888888/224/3221226019/index.m3u8, Date: 04-29-2024, Resolution: 1920x1080, Response Time: inf ms
Name: CCTV-5, URL: http://[2409:8087:74F1:0021::0008]:80/PLTV/88888888/224/3221226587/1.m3u8, Date: 01-17-2024, Resolution: None, Response Time: inf ms
Name: CCTV-5, URL: http://[2409:8087:1e03:21::2]:6060/cms001/ch00000090990000001187/index.m3u8, Date: 12-26-2023, Resolution: None, Response Time: inf ms
Name: CCTV-5, URL: http://[2409:8087:2001:20:2800:0:df6e:eb22]/ott.mobaibox.com/PLTV/4/224/3221228502/index.m3u8, Date: 11-24-2023, Resolution: None, Response Time: inf ms
Name: CCTV-5, URL: http://[2409:8087:7004:20:1000::22]:6610/yinhe/2/ch00000090990000001850/index.m3u8?virtualDomain=yinhe.live_hls.zte.com, Date: 11-23-2023, Resolution: None, Response Time: inf ms
Name: CCTV-5+, URL: http://[2409:8087:4c0a:22:1::11]:6410/170000001115/UmaiCHAN63872908d48f9/index.m3u8?AuthInfo=9kOOdBn7MFF%2F2bWjKgahUSBx06ZL9Bo6JOM%2BSTjxZRK254G1jtietGzDaHvFNRtjXOvFnbf%2BTao33JqYlfMYYn2z3agOn9gvNMT9KmBaR9o, Date: None, Resolution: None, Response Time: inf ms
Name: CCTV-6, URL: http://[2409:8087:5e00:24::1e]:6060/200000001898/460000089800010214/1.m3u8, Date: 06-11-2024, Resolution: None, Response Time: inf ms
Name: CCTV-7, URL: http://[2409:8087:5e00:24::1e]:6060/200000001898/460000089800010215/1.m3u8, Date: 06-11-2024, Resolution: None, Response Time: inf ms
Name: CCTV-7, URL: http://[2409:8087:1e03:21::2]:6060/cms001/ch00000090990000001236/index.m3u8, Date: 12-26-2023, Resolution: None, Response Time: inf ms
Name: CCTV-7, URL: http://[2409:8087:74F1:0021::0008]:80/PLTV/88888888/224/3221226432/1.m3u8, Date: 11-21-2023, Resolution: None, Response Time: inf ms
Name: CCTV-7, URL: http://[2409:8087:7004:20:1000::22]:6610/yinhe/2/ch00000090990000001291/index.m3u8?virtualDomain=yinhe.live_hls.zte.com, Date: 08-28-2023, Resolution: None, Response Time: inf ms
Name: CCTV-7, URL: http://[2409:8087:5011:1020::1f]/180000001001/00000001000000001001000000000055/main.m3u8?IASHttpSessionId=OTT, Date: 04-13-2023, Resolution: None, Response Time: inf ms
Name: CCTV-7, URL: http://[2409:8087:7000:20::4]:80/dbiptv.sn.chinamobile.com/PLTV/88888888/224/3221226192/1.m3u8, Date: 02-13-2024, Resolution: None, Response Time: inf ms
Name: CCTV-7, URL: http://[2409:8087:1e03:21::42]:6610/cms001/ch00000090990000001236/index.m3u8?, Date: 07-26-2023, Resolution: None, Response Time: inf ms
Name: CCTV-8, URL: http://[2409:8087:5e00:24::1e]:6060/200000001898/460000089800010216/1.m3u8, Date: 06-11-2024, Resolution: None, Response Time: inf ms
Name: CCTV-8, URL: http://[2409:8087:2001:20:2800:0:df6e:eb26]/ott.mobaibox.com/PLTV/4/224/3221228578/index.m3u8, Date: 01-05-2024, Resolution: None, Response Time: inf ms
Name: CCTV-8, URL: http://[2409:8087:74F1:0021::0008]:80/PLTV/88888888/224/3221226589/1.m3u8, Date: 01-03-2024, Resolution: None, Response Time: inf ms
Name: CCTV-8, URL: http://[2409:8087:1e03:21::2]:6060/cms001/ch00000090990000001189/index.m3u8, Date: 12-26-2023, Resolution: None, Response Time: inf ms
Name: CCTV-8, URL: http://[2409:8087:7004:20:1000::22]:6610/yinhe/2/ch00000090990000001869/index.m3u8?virtualDomain=yinhe.live_hls.zte.com, Date: 08-28-2023, Resolution: None, Response Time: inf ms
Name: CCTV-9, URL: http://[2409:8087:5e00:24::1e]:6060/200000001898/460000089800010052/1.m3u8, Date: 06-11-2024, Resolution: None, Response Time: inf ms
Name: CCTV-9, URL: http://[2409:8087:1e03:21::2]:6060/cms001/ch00000090990000001237/index.m3u8, Date: 12-26-2023, Resolution: None, Response Time: inf ms
Name: CCTV-9, URL: http://[2409:8087:74F1:0021::0008]:80/PLTV/88888888/224/3221226434/1.m3u8, Date: 11-21-2023, Resolution: None, Response Time: inf ms
Name: CCTV-9, URL: http://[2409:8087:7004:20:1000::22]:6610/yinhe/2/ch00000090990000001294/index.m3u8?virtualDomain=yinhe.live_hls.zte.com, Date: 08-28-2023, Resolution: None, Response Time: inf ms
Name: CCTV-10, URL: http://[2409:8087:5e00:24::1e]:6060/200000001898/460000089800010203/1.m3u8, Date: 06-11-2024, Resolution: None, Response Time: inf ms
Name: CCTV-10, URL: http://[2409:8087:1e03:21::2]:6060/cms001/ch00000090990000001238/index.m3u8, Date: 12-26-2023, Resolution: None, Response Time: inf ms
Name: CCTV-10, URL: http://[2409:8087:74F1:0021::0008]:80/PLTV/88888888/224/3221226164/1.m3u8, Date: 11-21-2023, Resolution: None, Response Time: inf ms
Name: CCTV-10, URL: http://[2409:8087:7004:20:1000::22]:6610/yinhe/2/ch00000090990000001288/index.m3u8?virtualDomain=yinhe.live_hls.zte.com, Date: 09-08-2023, Resolution: None, Response Time: inf ms
Name: CCTV-10, URL: http://[2409:8087:5011:1020::1f]/180000001001/00000001000000001001000000000058/main.m3u8?IASHttpSessionId=OTT, Date: 04-13-2023, Resolution: None, Response Time: inf ms
Name: CCTV-11, URL: http://[2409:8087:4c0a:22:1::11]:6410/170000001115/UmaiCHAN6000053BESTVSMGSMG/index.m3u8?AuthInfo=9kOOdBn7MFF%2F2bWjKgahUTWDyIgRkFJBAHMhA2ayG0Qj2xHA4vdPGsjBbxSL3p%2FmAObVTfznR%2Fpc%2B76QYmLRMuL3Lj9iabhv8arW7kJe6%2F4, Date: None, Resolution: None, Response Time: inf ms
Name: CCTV-12, URL: http://[2409:8087:5e00:24::1e]:6060/200000001898/460000089800010205/1.m3u8, Date: 06-11-2024, Resolution: None, Response Time: inf ms
Name: CCTV-12, URL: http://[2409:8087:1e03:21::2]:6060/cms001/ch00000090990000001239/index.m3u8, Date: 01-19-2024, Resolution: None, Response Time: inf ms
Name: CCTV-12, URL: http://[2409:8087:74F1:0021::0008]:80/270000001322/69900158041111100000002147/1.m3u8, Date: 12-20-2023, Resolution: None, Response Time: inf ms
Name: CCTV-12, URL: http://[2409:8087:7004:20:1000::22]:6610/yinhe/2/ch00000090990000001289/index.m3u8?virtualDomain=yinhe.live_hls.zte.com, Date: 08-28-2023, Resolution: None, Response Time: inf ms
Name: CCTV-12, URL: http://[2409:8087:5011:1020::1f]/180000001001/00000001000000001001000000000060/main.m3u8?IASHttpSessionId=OTT, Date: 04-13-2023, Resolution: None, Response Time: inf ms
Name: CCTV-12, URL: http://[2409:8087:7000:20::4]:80/dbiptv.sn.chinamobile.com/PLTV/88888888/224/3221226190/1.m3u8, Date: 02-13-2024, Resolution: None, Response Time: inf ms
Name: CCTV-12, URL: http://[2409:8087:1e03:21::42]:6610/cms001/ch00000090990000001239/index.m3u8?, Date: 07-26-2023, Resolution: None, Response Time: inf ms
Name: CCTV-13, URL: http://[2409:8087:5e00:24::1e]:6060/200000001898/460000089800010093/1.m3u8, Date: 06-11-2024, Resolution: None, Response Time: inf ms
Name: CCTV-13, URL: http://[2409:8087:1e03:21::2]:6060/cms001/ch00000090990000001328/index.m3u8, Date: 12-26-2023, Resolution: None, Response Time: inf ms
Name: CCTV-13, URL: http://[2409:8087:74F1:0021::0008]:80/PLTV/88888888/224/3221226438/1.m3u8, Date: 11-21-2023, Resolution: None, Response Time: inf ms
Name: CCTV-13, URL: http://[2409:8087:7004:20:1000::22]:6610/yinhe/2/ch00000090990000001328/index.m3u8?virtualDomain=yinhe.live_hls.zte.com, Date: 08-28-2023, Resolution: None, Response Time: inf ms
Name: CCTV-14, URL: http://[2409:8087:5e00:24::1e]:6060/200000001898/460000089800010207/1.m3u8, Date: 06-11-2024, Resolution: None, Response Time: inf ms
Name: CCTV-14, URL: http://[2409:8087:1e03:21::2]:6060/cms001/ch00000090990000001240/index.m3u8, Date: 12-26-2023, Resolution: None, Response Time: inf ms
Name: CCTV-14, URL: http://[2409:8087:74F1:0021::0008]:80/PLTV/88888888/224/3221226166/1.m3u8, Date: 11-21-2023, Resolution: None, Response Time: inf ms
Name: CCTV-14, URL: http://[2409:8087:7004:20:1000::22]:6610/yinhe/2/ch00000090990000001292/index.m3u8?virtualDomain=yinhe.live_hls.zte.com, Date: 08-28-2023, Resolution: None, Response Time: inf ms
Name: CCTV-14, URL: http://[2409:8087:2001:20:2800:0:df6e:eb22]/ott.mobaibox.com/PLTV/1/224/3221228292/index.m3u8, Date: 06-02-2023, Resolution: None, Response Time: inf ms
Name: CCTV-14, URL: http://[2409:8087:3869:8021:1001::e5]:6610/PLTV/88888888/224/3221225494/2/index.m3u8, Date: 04-13-2023, Resolution: None, Response Time: inf ms
Name: CCTV-14, URL: http://[2409:8087:5011:1020::1f]/180000001001/00000001000000001001000000000059/main.m3u8?IASHttpSessionId=OTT, Date: 04-13-2023, Resolution: None, Response Time: inf ms
Name: CCTV-15, URL: http://[2409:8087:5e00:24::1e]:6060/200000001898/460000089800010094/1.m3u8, Date: 06-11-2024, Resolution: None, Response Time: inf ms
Name: CCTV-15, URL: http://[2409:8087:1e03:21::2]:6060/cms001/ch00000090990000001338/index.m3u8, Date: 12-26-2023, Resolution: None, Response Time: inf ms
Name: CCTV-15, URL: http://[2409:8087:74F1:0021::0008]:80/PLTV/88888888/224/3221226616/1.m3u8, Date: 12-22-2023, Resolution: None, Response Time: inf ms
Name: CCTV-15, URL: http://[2409:8087:3869:8021:1001::e5]:6610/PLTV/88888888/224/3221225641/2/index.m3u8, Date: 12-03-2023, Resolution: None, Response Time: inf ms
Name: CCTV-15, URL: http://[2409:8087:7004:20:1000::22]:6610/yinhe/2/ch00000090990000001020/index.m3u8?virtualDomain=yinhe.live_hls.zte.com, Date: 08-28-2023, Resolution: None, Response Time: inf ms
Name: CCTV-15, URL: http://[2409:8087:2001:20:2800:0:df6e:eb22]/ott.mobaibox.com/PLTV/1/224/3221228404/index.m3u8, Date: 06-02-2023, Resolution: None, Response Time: inf ms
Name: CCTV-15, URL: http://[2409:8087:5011:1020::1f]/180000001001/00000001000000001019000000352948/main.m3u8?IASHttpSessionId=OTT, Date: 04-13-2023, Resolution: None, Response Time: inf ms
Name: 湖南卫视, URL: http://[2409:8087:1a01:df::7005]/ottrrs.hl.chinamobile.com/PLTV/88888888/224/3221226307/index.m3u8, Date: None, Resolution: None, Response Time: inf ms
Name: 浙江卫视, URL: http://[2409:8087:1a01:df::7005]/ottrrs.hl.chinamobile.com/PLTV/88888888/224/3221226339/index.m3u8, Date: None, Resolution: None, Response Time: inf ms
Name: 江苏卫视, URL: http://[2409:8087:1a01:df::7005]/ottrrs.hl.chinamobile.com/PLTV/88888888/224/3221226310/index.m3u8, Date: None, Resolution: None, Response Time: inf ms
Name: 东方卫视, URL: http://[2409:8087:1a01:df::7005]/ottrrs.hl.chinamobile.com/PLTV/88888888/224/3221226345/index.m3u8, Date: None, Resolution: None, Response Time: inf ms
Name: 广东卫视, URL: http://[2409:8087:1a01:df::7005]/ottrrs.hl.chinamobile.com/PLTV/88888888/224/3221226248/index.m3u8, Date: None, Resolution: None, Response Time: inf ms
Name: 广西卫视, URL: http://[2409:8087:1a01:df::7005]/ottrrs.hl.chinamobile.com/PLTV/88888888/224/3221226549/index.m3u8, Date: None, Resolution: None, Response Time: inf ms
Name: 深圳卫视, URL: http://[2409:8087:1a01:df::7005]/ottrrs.hl.chinamobile.com/PLTV/88888888/224/3221226313/index.m3u8, Date: None, Resolution: None, Response Time: inf ms
Name: 北京卫视, URL: http://[2409:8087:1a01:df::7005]/ottrrs.hl.chinamobile.com/PLTV/88888888/224/3221226450/index.m3u8, Date: None, Resolution: None, Response Time: inf ms
Name: 东南卫视, URL: http://[2409:8087:1a01:df::7005]/ottrrs.hl.chinamobile.com/PLTV/88888888/224/3221226341/index.m3u8, Date: None, Resolution: None, Response Time: inf ms
Name: 东南卫视, URL: http://[2409:8087:1a01:df::7005]:80/ottrrs.hl.chinamobile.com/PLTV/88888888/224/3221226341/index.m3u8, Date: None, Resolution: None, Response Time: inf ms
Name: 四川卫视, URL: http://[2409:8087:1a01:df::7005]/ottrrs.hl.chinamobile.com/PLTV/88888888/224/3221226338/index.m3u8, Date: None, Resolution: None, Response Time: inf ms
Name: 天津卫视, URL: http://[2409:8087:1a01:df::7005]/ottrrs.hl.chinamobile.com/PLTV/88888888/224/3221226459/index.m3u8, Date: None, Resolution: None, Response Time: inf ms
Name: 安徽卫视, URL: http://[2409:8087:1a01:df::7005]/ottrrs.hl.chinamobile.com/PLTV/88888888/224/3221226391/index.m3u8, Date: None, Resolution: None, Response Time: inf ms
Name: 山东卫视, URL: http://[2409:8087:1a01:df::7005]/ottrrs.hl.chinamobile.com/PLTV/88888888/224/3221226456/index.m3u8, Date: None, Resolution: None, Response Time: inf ms
Name: 江西卫视, URL: http://[2409:8087:1a01:df::7005]/ottrrs.hl.chinamobile.com/PLTV/88888888/224/3221226344/index.m3u8, Date: None, Resolution: None, Response Time: inf ms
Name: 河北卫视, URL: http://[2409:8087:1a01:df::7005]/ottrrs.hl.chinamobile.com/PLTV/88888888/224/3221226406/index.m3u8, Date: None, Resolution: None, Response Time: inf ms
Name: 河南卫视, URL: http://[2409:8087:1a01:df::7005]/ottrrs.hl.chinamobile.com/PLTV/88888888/224/3221226480/index.m3u8, Date: None, Resolution: None, Response Time: inf ms
Name: 海南卫视, URL: http://[2409:8087:1a01:df::7005]/ottrrs.hl.chinamobile.com/PLTV/88888888/224/3221226465/index.m3u8, Date: None, Resolution: None, Response Time: inf ms
Name: 湖北卫视, URL: http://[2409:8087:1a01:df::7005]/ottrrs.hl.chinamobile.com/PLTV/88888888/224/3221226477/index.m3u8, Date: None, Resolution: None, Response Time: inf ms
Name: 贵州卫视, URL: http://[2409:8087:1a01:df::7005]/ottrrs.hl.chinamobile.com/PLTV/88888888/224/3221226474/index.m3u8, Date: None, Resolution: None, Response Time: inf ms
Name: 辽宁卫视, URL: http://[2409:8087:1a01:df::7005]/ottrrs.hl.chinamobile.com/PLTV/88888888/224/3221226546/index.m3u8, Date: None, Resolution: None, Response Time: inf ms
Name: 重庆卫视, URL: http://[2409:8087:1a01:df::7005]/ottrrs.hl.chinamobile.com/PLTV/88888888/224/3221226409/index.m3u8, Date: None, Resolution: None, Response Time: inf ms
Name: 吉林卫视, URL: http://[2409:8087:1a01:df::7005]/ottrrs.hl.chinamobile.com/PLTV/88888888/224/3221226397/index.m3u8, Date: None, Resolution: None, Response Time: inf ms
Name: 黑龙江卫视, URL: http://[2409:8087:1a01:df::7005]/ottrrs.hl.chinamobile.com/PLTV/88888888/224/3221226327/index.m3u8, Date: None, Resolution: None, Response Time: inf ms
Name: 卡酷少儿, URL: http://[2409:8087:1a0b:df::4020]:80/ottrrs.hl.chinamobile.com/PLTV/88888888/224/3221225654/index.m3u8, Date: None, Resolution: None, Response Time: inf ms
Name: 金鹰卡通, URL: http://[2409:8087:1a0b:df::4008]:80/ottrrs.hl.chinamobile.com/PLTV/88888888/224/3221225653/index.m3u8, Date: None, Resolution: None, Response Time: inf ms
Name: 哒啵赛事, URL: http://[2409:8087:1a01:df::7005]:80/ottrrs.hl.chinamobile.com/PLTV/88888888/224/3221225675/index.m3u8, Date: None, Resolution: None, Response Time: inf ms
Name: 优漫卡通, URL: http://[2409:8087:1a0b:df::4005]:80/ottrrs.hl.chinamobile.com/PLTV/88888888/224/3221225656/index.m3u8, Date: None, Resolution: None, Response Time: inf ms
Name: 哈哈炫动, URL: http://[2409:8087:1a0b:df::4001]:80/ottrrs.hl.chinamobile.com/PLTV/88888888/224/3221225657/index.m3u8, Date: None, Resolution: None, Response Time: inf ms
Name: 黑莓动画, URL: http://[2409:8087:1a0b:df::4006]:80/ottrrs.hl.chinamobile.com/PLTV/88888888/224/3221225662/index.m3u8, Date: None, Resolution: None, Response Time: inf ms
Name: 黑莓电影, URL: http://[2409:8087:1a0b:df::4014]:80/ottrrs.hl.chinamobile.com/PLTV/88888888/224/3221225743/index.m3u8, Date: None, Resolution: None, Response Time: inf ms
Name: 少儿_黑莓动画, URL: http://[2409:8087:1a01:df::7005]/ottrrs.hl.chinamobile.com/PLTV/88888888/224/3221225662/index.m3u8, Date: None, Resolution: None, Response Time: inf ms
