CCTV世界地理,http://38.75.136.137:98/gslb/dsdqpub/sjdl.m3u8?auth=testpub
CCTV央视台球,https://epg.pw/stream/ca9c1cd4b97fb824cedd7fedfd0c7a950afdd7f00751cfbb7c2d89831d7746a5.m3u8
CCTV央视台球,https://epg.pw/stream/25677ac2e8c1f7c3dd6359c43eb5f0f54efb3f5c11f9dda18d01b3e0308ed017.m3u8
CCTV央视台球,http://38.75.136.137:98/gslb/dsdqpub/ystq.m3u8?auth=testpub
CCTV女性时尚,http://38.75.136.137:98/gslb/dsdqpub/nxss.m3u8?auth=testpub
CCTV女性时尚,http://39.152.103.17:8089/tsfile/live/1068_1.m3u8?key=txiptv&playlive=1&down=1
CCTV怀旧剧场,http://38.75.136.137:98/gslb/dsdqpub/hjjc.m3u8?auth=testpub
CCTV第一剧场,https://epg.pw/stream/6d7bf281e3d739806a73f5373acaa6e01988ec9739f5ac1355ce54b47a928472.m3u8
CCTV第一剧场,http://38.75.136.137:98/gslb/dsdqpub/dyjc.m3u8?auth=testpub
CCTV第一剧场,https://100.061833.xyz/stream/mytv/null-6/stream.m3u8?uid=2190244325&u=hahayy&p=29624e2e4c4ccee26ed8f3e0ca1012ea57a8f2191be6149f632250f7036119cc
CCTV风云足球,https://epg.pw/stream/ac8062ec9484078061d3bef507c15a423ac57ae4144e3fcc4b0a198dd420f911.m3u8
CCTV风云足球,http://38.75.136.137:98/gslb/dsdqpub/fyzq.m3u8?auth=testpub
CGTN,https://0472.org/hls/cgtn.m3u8
CGTN,http://english-livetx.cgtn.com/hls/yypdyyctzb_hd.m3u8
CGTN俄语,https://0472.org/hls/cgtne.m3u8
CGTN法语,https://0472.org/hls/cgtnf.m3u8
CGTN纪录,https://0472.org/hls/cgtnd.m3u8
CGTN纪录,https://english-livetx.cgtn.com/hls/yypdjlctzb_hd.m3u8
CGTN西语,https://0472.org/hls/cgtnx.m3u8
CGTN阿语,https://0472.org/hls/cgtna.m3u8
CCTV文化精品,http://107.150.60.122/live/ysjp.m3u8
CCTV文化精品,http://38.75.136.137:98/gslb/dsdqpub/ysjp.m3u8?auth=testpub
兵器科技,http://38.75.136.137:98/gslb/dsdqpub/gfjs.m3u8?auth=testpub
电视指南,http://38.75.136.137:98/gslb/dsdqpub/dszn.m3u8?auth=testpub
直播中国,https://gcalic.v.myalicdn.com/gc/wgw05_1/index.m3u8?contentid=2820180516001
风云剧场,http://38.75.136.137:98/gslb/dsdqpub/fyjc.m3u8?auth=testpub
风云音乐,http://38.75.136.137:98/gslb/dsdqpub/fyyy.m3u8?auth=testpub
高尔夫网球,http://38.75.136.137:98/gslb/dsdqpub/gefwq.m3u8?auth=testpub
支持作者,https://vd2.bdstatic.com/mda-sctj0f6r4u1bpebc/1080p/cae_h264/1774706523506678171/mda-sctj0f6r4u1bpebc.mp4
海峡卫视,http://8.138.7.223/tv/hxws.m3u8
海峡卫视,http://38.64.72.148:80/hls/modn/list/4009/chunklist0.m3u8
农林卫视,http://120.76.248.139/live/bfgd/4200000122.m3u8
陕西卫视,http://107.150.60.122/live/snwshd.m3u8
陕西卫视,http://38.75.136.137:98/gslb/dsdqpub/snwshd.m3u8?auth=testpub
延边卫视,http://120.76.248.139/live/bfgd/4200000117.m3u8
东方卫视4K,https://bp-resource-dfl.bestv.cn/148/3/video.m3u8
东方卫视4K,http://bp-resource-dfl.bestv.cn/148/3/video.m3u8
CHC家庭影院,http://38.75.136.137:98/gslb/dsdqpub/chcjt.m3u8?auth=testpub
无线星河,https://cdn6.101.qzz.io/163189/tvbxh
靖天戏剧,http://breezy-audrie-zspace-7524863c.koyeb.app/vipsir?token=leifeng&id=4gtv-4gtv058
靖天戏剧,https://mao.ffmking888.dpdns.org/?id=6Z2W5aSp5oiy5YqH5Yaw&auth=30234cedf871581989d3c91a3daec1e9f50e024aafcfa2247e7d44d91bb8d02fbc3f571b2d67f9d82642cc1d0f133d89
靖天映画,http://breezy-audrie-zspace-7524863c.koyeb.app/vipsir?token=leifeng&id=4gtv-4gtv055
靖天映画,https://mao.ffmking888.dpdns.org/?id=6Z2W5aSp5pig55Wr&auth=30234cedf871581989d3c91a3daec1e9f50e024aafcfa2247e7d44d91bb8d02fbc3f571b2d67f9d82642cc1d0f133d89
AMC电影,http://61.221.215.25:8800/hls/43/index.m3u8
28岁电影,https://goodiptv.club/douyu/8884164
CHC电影,http://183.237.95.108:9901/tsfile/live/1008_1.m3u8?key=txiptv&playlive=0&authid=0
万合出品,https://goodiptv.club/douyu/9220456
三七电影V,https://goodiptv.club/douyu/9457792
东阳影视生活,http://l.cztvcloud.com/channels/lantian/SXdongyang1/720p.m3u8
二胖影视,https://goodiptv.club/douyu/10064260
五分钟电影汇,https://goodiptv.club/douyu/8443438
人在囧途,https://vip.ffzy-play.com/20221018/1953_2d6ba500/index.m3u8
人在囧途之泰囧,https://vip.ffzy-play.com/20221018/1951_47e1adc8/index.m3u8
人在囧途之港囧,https://vip.ffzy-play7.com/20230112/11082_fde1a94d/index.m3u8
佛曰影视,https://goodiptv.club/douyu/9671758
倩女幽魂人间道,http://jsmov2.a.yximgs.com/bs3/video-hls/5250634317044855747_hlsb.m3u8
倩女幽魂妖魔道,http://jsmov2.a.yximgs.com/bs3/video-hls/5232901391302199073_hlsb.m3u8
倩女幽魂道道道,http://jsmov2.a.yximgs.com/bs3/video-hls/5216294367991385255_hlsb.m3u8
刀刀影院,http://www.goodiptv.club/douyu/747764
刘哔电影,https://goodiptv.club/douyu/2632223
发条张的电影最TOP,https://goodiptv.club/douyu/2164691
同同电影,https://goodiptv.club/douyu/10155359
哈利影视,https://goodiptv.club/douyu/8475821
喜人电影,https://goodiptv.club/douyu/10348735
喜剧电影笑不停,https://goodiptv.club/douyu/10298856
噬元兽影视,https://goodiptv.club/douyu/8896723
四叶草影视,https://goodiptv.club/douyu/9446117
大米饭影视,https://goodiptv.club/douyu/9824094
大荒电影,https://goodiptv.club/douyu/3508538
天堂电影1895,https://goodiptv.club/douyu/9573592
奇怪电影,https://goodiptv.club/douyu/9440966
安徽影视,https://www.ahtv.cn/folder9000/folder20193?channelIndex=3
寒战,https://vip.ffzy-play6.com/20221019/157_bf0740ee/index.m3u8
小儛电影嘚啵嘚,https://goodiptv.club/douyu/8362978
影视梗大叔,https://goodiptv.club/douyu/9480648
影视集装箱,https://goodiptv.club/douyu/8651489
怪兽马提尼电影,https://goodiptv.club/douyu/9075333
怪味爆米花电影,https://goodiptv.club/douyu/9422144
我不是药神,https://vip.ffzy-play1.com/20221018/478_c3afed66/index.m3u8
拆弹专家1,https://vip.ffzy-online.com/20221015/719_80ff87c2/index.m3u8
拆弹专家2,https://vip.ffzy-online.com/20221015/722_e32c42bc/index.m3u8
无际电影,https://goodiptv.club/douyu/9720498
有部电影儿,https://goodiptv.club/douyu/9736479
林九影视,https://goodiptv.club/douyu/7212528
每日好电影V,https://goodiptv.club/douyu/9533302
浙江教科影视,https://ali-m-l.cztv.com/channels/lantian/channel004/1080p.m3u8
浙江教科影视,http://ali-xwl.cztv.com/live/channel041080Plxw.m3u8
浙江教科影视,http://ali-xwl.cztv.com/live/channel04720Plxw.m3u8
浙江教科影视,http://ali-m-l.cztv.com/channels/lantian/channel04/1080p.m3u8
浙江教科影视,http://ali-vl.cztv.com/channels/lantian/channel004/360p.m3u8
淘剧场,http://zjzcf.synology.me:35455/bptv/10000100000000050000000003887497.m3u8
淘娱乐,http://zjzcf.synology.me:35455/bptv/10000100000000050000000003887499.m3u8
熊猫电影,https://goodiptv.club/douyu/3506483
爱星影视,https://goodiptv.club/douyu/9476806
特辑电影院,https://goodiptv.club/douyu/3637778
狗毛电影,https://goodiptv.club/douyu/9356637
独立鱼电影,https://goodiptv.club/douyu/2413555
猫眼电影,https://goodiptv.club/douyu/8726221
玖月影视,https://goodiptv.club/douyu/9339251
电影七十二变,https://goodiptv.club/douyu/9323164
电影丧尸片,http://live.metshop.top/huya/21059578?cdn=alicdn
电影先锋V,https://goodiptv.club/douyu/8711212
电影八点档,http://live.metshop.top/huya/880261?cdn=alicdn
电影冷知识,https://goodiptv.club/douyu/9660835
电影刘德华,http://live.metshop.top/huya/11342424?cdn=alicdn
电影刘油果,https://goodiptv.club/douyu/3985805
电影功夫片,http://live.metshop.top/huya/11352941?cdn=alicdn
电影吐槽汇,https://goodiptv.club/douyu/9447668
电影周星星,http://live.metshop.top/huya/11336587?cdn=alicdn
电影嫣然影厅,http://live.metshop.top/huya/11601977?cdn=alicdn
电影小班长,https://goodiptv.club/douyu/549693
电影战争片,http://live.metshop.top/huya/21059574?cdn=alicdn
电影搞笑喜剧,http://live.metshop.top/huya/11342423?cdn=alicdn
电影漩涡,https://goodiptv.club/douyu/8706350
电影犯罪片,http://live.metshop.top/huya/11352974?cdn=alicdn
电影笔记,https://goodiptv.club/douyu/9636034
电影蜘蛛侠,http://live.metshop.top/huya/21059599?cdn=alicdn
电影谍战,http://live.metshop.top/huya/21059585?cdn=alicdn
电影贺岁,http://live.metshop.top/huya/11601971?cdn=alicdn
电影迷小雅,https://goodiptv.club/douyu/9639225
电影高分动作,http://live.metshop.top/huya/11352884?cdn=alicdn
电影黑匣子,https://goodiptv.club/douyu/8706652
