Category: 📺央视频道, Name: CCTV-1, Total: 115, Valid: 47, Valid Percent: 40.87%, Whitelist: 0, IPv4: 4, IPv6: 111, Min Delay: 0.1 ms, Max Speed: 12.52 M/s, Avg Speed: 0.79 M/s, Max Resolution: 1920x1080
Category: 📺央视频道, Name: CCTV-2, Total: 139, Valid: 72, Valid Percent: 51.80%, Whitelist: 0, IPv4: 4, IPv6: 135, Min Delay: 0.1 ms, Max Speed: 12.62 M/s, Avg Speed: 0.27 M/s, Max Resolution: 1920x1080
Category: 📺央视频道, Name: CCTV-3, Total: 114, Valid: 57, Valid Percent: 50.00%, Whitelist: 0, IPv4: 3, IPv6: 111, Min Delay: 0.1 ms, Max Speed: 4.75 M/s, Avg Speed: 0.19 M/s, Max Resolution: 1920x1080
Category: 📺央视频道, Name: CCTV-4, Total: 188, Valid: 65, Valid Percent: 34.57%, Whitelist: 0, IPv4: 6, IPv6: 182, Min Delay: 0.1 ms, Max Speed: 27.41 M/s, Avg Speed: 1.43 M/s, Max Resolution: 1920x1080
Category: 📺央视频道, Name: CCTV-5, Total: 143, Valid: 46, Valid Percent: 32.17%, Whitelist: 0, IPv4: 9, IPv6: 134, Min Delay: 0.1 ms, Max Speed: 26.17 M/s, Avg Speed: 2.14 M/s, Max Resolution: 1920x1080
Category: 📺央视频道, Name: CCTV-5+, Total: 67, Valid: 42, Valid Percent: 62.69%, Whitelist: 0, IPv4: 1, IPv6: 66, Min Delay: 0.1 ms, Max Speed: 0.52 M/s, Avg Speed: 0.01 M/s, Max Resolution: 1920x1080
Category: 📺央视频道, Name: CCTV-6, Total: 107, Valid: 38, Valid Percent: 35.51%, Whitelist: 0, IPv4: 4, IPv6: 103, Min Delay: 0.1 ms, Max Speed: 24.29 M/s, Avg Speed: 1.30 M/s, Max Resolution: 1920x1080
Category: 📺央视频道, Name: CCTV-7, Total: 126, Valid: 72, Valid Percent: 57.14%, Whitelist: 0, IPv4: 12, IPv6: 114, Min Delay: 0.1 ms, Max Speed: 33.35 M/s, Avg Speed: 3.85 M/s, Max Resolution: 1920x1080
Category: 📺央视频道, Name: CCTV-8, Total: 113, Valid: 55, Valid Percent: 48.67%, Whitelist: 0, IPv4: 8, IPv6: 105, Min Delay: 0.1 ms, Max Speed: 30.85 M/s, Avg Speed: 1.26 M/s, Max Resolution: 1920x1080
Category: 📺央视频道, Name: CCTV-9, Total: 130, Valid: 70, Valid Percent: 53.85%, Whitelist: 0, IPv4: 11, IPv6: 119, Min Delay: 0.1 ms, Max Speed: 31.49 M/s, Avg Speed: 3.10 M/s, Max Resolution: 1920x1080
Category: 📺央视频道, Name: CCTV-10, Total: 121, Valid: 63, Valid Percent: 52.07%, Whitelist: 0, IPv4: 6, IPv6: 115, Min Delay: 0.1 ms, Max Speed: 7.79 M/s, Avg Speed: 0.26 M/s, Max Resolution: 1920x1080
Category: 📺央视频道, Name: CCTV-11, Total: 133, Valid: 74, Valid Percent: 55.64%, Whitelist: 0, IPv4: 8, IPv6: 125, Min Delay: 0.1 ms, Max Speed: 32.88 M/s, Avg Speed: 2.49 M/s, Max Resolution: 1920x1080
Category: 📺央视频道, Name: CCTV-12, Total: 131, Valid: 66, Valid Percent: 50.38%, Whitelist: 0, IPv4: 2, IPv6: 129, Min Delay: 0.1 ms, Max Speed: 1.13 M/s, Avg Speed: 0.02 M/s, Max Resolution: 1920x1080
Category: 📺央视频道, Name: CCTV-13, Total: 149, Valid: 43, Valid Percent: 28.86%, Whitelist: 0, IPv4: 2, IPv6: 147, Min Delay: 0.1 ms, Max Speed: 1.99 M/s, Avg Speed: 0.05 M/s, Max Resolution: 1920x1080
Category: 📺央视频道, Name: CCTV-14, Total: 106, Valid: 43, Valid Percent: 40.57%, Whitelist: 0, IPv4: 5, IPv6: 101, Min Delay: 0.1 ms, Max Speed: 7.88 M/s, Avg Speed: 0.28 M/s, Max Resolution: 1920x1080
Category: 📺央视频道, Name: CCTV-15, Total: 124, Valid: 68, Valid Percent: 54.84%, Whitelist: 0, IPv4: 5, IPv6: 119, Min Delay: 0.1 ms, Max Speed: 25.36 M/s, Avg Speed: 0.47 M/s, Max Resolution: 1920x1080
Category: 📺央视频道, Name: CCTV-16, Total: 47, Valid: 29, Valid Percent: 61.70%, Whitelist: 0, IPv4: 6, IPv6: 41, Min Delay: 0.1 ms, Max Speed: 28.45 M/s, Avg Speed: 3.88 M/s, Max Resolution: 1920x1080
Category: 📺央视频道, Name: CCTV-17, Total: 116, Valid: 53, Valid Percent: 45.69%, Whitelist: 0, IPv4: 9, IPv6: 107, Min Delay: 0.1 ms, Max Speed: 31.84 M/s, Avg Speed: 3.42 M/s, Max Resolution: 1920x1080
Category: 📺央视频道, Name: 浙江卫视, Total: 78, Valid: 5, Valid Percent: 6.41%, Whitelist: 0, IPv4: 5, IPv6: 73, Min Delay: 437 ms, Max Speed: 6.54 M/s, Avg Speed: 1.79 M/s, Max Resolution: 1920x1080
Category: 📺央视频道, Name: 北京卫视, Total: 54, Valid: 5, Valid Percent: 9.26%, Whitelist: 0, IPv4: 5, IPv6: 49, Min Delay: 28 ms, Max Speed: 33.70 M/s, Avg Speed: 19.52 M/s, Max Resolution: 1920x1080
Category: 📺央视频道, Name: 湖南卫视, Total: 63, Valid: 5, Valid Percent: 7.94%, Whitelist: 0, IPv4: 5, IPv6: 58, Min Delay: 27 ms, Max Speed: 5.04 M/s, Avg Speed: 2.29 M/s, Max Resolution: 3840x2160
Category: 📺央视频道, Name: 东方卫视, Total: 65, Valid: 3, Valid Percent: 4.62%, Whitelist: 0, IPv4: 3, IPv6: 62, Min Delay: 35 ms, Max Speed: 25.79 M/s, Avg Speed: 10.48 M/s, Max Resolution: 1920x1080
Category: 📺央视频道, Name: 四川卫视, Total: 22, Valid: 1, Valid Percent: 4.55%, Whitelist: 0, IPv4: 1, IPv6: 21, Min Delay: 1657 ms, Max Speed: 0.10 M/s, Avg Speed: 0.10 M/s, Max Resolution: 3840x2160
Category: 📺央视频道, Name: 天津卫视, Total: 20, Valid: 2, Valid Percent: 10.00%, Whitelist: 0, IPv4: 2, IPv6: 18, Min Delay: 37 ms, Max Speed: 24.53 M/s, Avg Speed: 15.50 M/s, Max Resolution: 1920x1080
Category: 📺央视频道, Name: 安徽卫视, Total: 13, Valid: 1, Valid Percent: 7.69%, Whitelist: 0, IPv4: 2, IPv6: 11, Min Delay: 2003 ms, Max Speed: 2.94 M/s, Avg Speed: 2.94 M/s, Max Resolution: 1920x1080
Category: 📺央视频道, Name: 山东卫视, Total: 18, Valid: 3, Valid Percent: 16.67%, Whitelist: 0, IPv4: 3, IPv6: 15, Min Delay: 585 ms, Max Speed: 7.36 M/s, Avg Speed: 2.54 M/s, Max Resolution: 1920x1080
Category: 📺央视频道, Name: 香港卫视, Total: 12, Valid: 0, Valid Percent: 0.00%, Whitelist: 0, IPv4: 0, IPv6: 12, Min Delay: -1 ms, Max Speed: 0.00 M/s, Avg Speed: 0.00 M/s, Max Resolution: None
Category: 📺央视频道, Name: 金鹰卡通, Total: 23, Valid: 3, Valid Percent: 13.04%, Whitelist: 0, IPv4: 3, IPv6: 20, Min Delay: 10006 ms, Max Speed: 0.45 M/s, Avg Speed: 0.18 M/s, Max Resolution: 1920x1080
Category: 📺央视频道, Name: 优漫卡通, Total: 10, Valid: 0, Valid Percent: 0.00%, Whitelist: 0, IPv4: 0, IPv6: 10, Min Delay: -1 ms, Max Speed: 0.00 M/s, Avg Speed: 0.00 M/s, Max Resolution: None
Category: 📺央视频道, Name: 哈哈炫动, Total: 40, Valid: 0, Valid Percent: 0.00%, Whitelist: 0, IPv4: 0, IPv6: 40, Min Delay: -1 ms, Max Speed: 0.00 M/s, Avg Speed: 0.00 M/s, Max Resolution: None
Category: 📺央视频道, Name: 山西卫视, Total: 14, Valid: 1, Valid Percent: 7.14%, Whitelist: 0, IPv4: 1, IPv6: 13, Min Delay: 621 ms, Max Speed: 8.22 M/s, Avg Speed: 8.22 M/s, Max Resolution: 1920x1080
Category: 📺央视频道, Name: 深圳卫视, Total: 21, Valid: 2, Valid Percent: 9.52%, Whitelist: 0, IPv4: 2, IPv6: 19, Min Delay: 30 ms, Max Speed: 3.41 M/s, Avg Speed: 2.59 M/s, Max Resolution: 1920x1080
Category: 📺央视频道, Name: 广东卫视, Total: 59, Valid: 2, Valid Percent: 3.39%, Whitelist: 0, IPv4: 2, IPv6: 57, Min Delay: 27 ms, Max Speed: 5.61 M/s, Avg Speed: 4.51 M/s, Max Resolution: 1920x1080
Category: 📺央视频道, Name: 广西卫视, Total: 15, Valid: 1, Valid Percent: 6.67%, Whitelist: 0, IPv4: 1, IPv6: 14, Min Delay: 595 ms, Max Speed: 6.97 M/s, Avg Speed: 6.97 M/s, Max Resolution: 1920x1080
Category: 📺央视频道, Name: 江苏卫视, Total: 56, Valid: 0, Valid Percent: 0.00%, Whitelist: 0, IPv4: 0, IPv6: 56, Min Delay: -1 ms, Max Speed: 0.00 M/s, Avg Speed: 0.00 M/s, Max Resolution: None
Category: 📺央视频道, Name: 重庆卫视, Total: 16, Valid: 2, Valid Percent: 12.50%, Whitelist: 0, IPv4: 2, IPv6: 14, Min Delay: 25 ms, Max Speed: 4.92 M/s, Avg Speed: 4.50 M/s, Max Resolution: 1920x1080
Category: 📺央视频道, Name: 江西卫视, Total: 61, Valid: 1, Valid Percent: 1.64%, Whitelist: 0, IPv4: 2, IPv6: 59, Min Delay: 4608 ms, Max Speed: 0.10 M/s, Avg Speed: 0.10 M/s, Max Resolution: 720x576
Category: 📺央视频道, Name: 云南卫视, Total: 13, Valid: 2, Valid Percent: 15.38%, Whitelist: 0, IPv4: 2, IPv6: 11, Min Delay: 560 ms, Max Speed: 7.22 M/s, Avg Speed: 3.79 M/s, Max Resolution: 1920x1080
Category: 📺央视频道, Name: 三沙卫视, Total: 47, Valid: 0, Valid Percent: 0.00%, Whitelist: 0, IPv4: 0, IPv6: 47, Min Delay: -1 ms, Max Speed: 0.00 M/s, Avg Speed: 0.00 M/s, Max Resolution: None
Category: 📺央视频道, Name: 河北卫视, Total: 17, Valid: 2, Valid Percent: 11.76%, Whitelist: 0, IPv4: 2, IPv6: 15, Min Delay: 36 ms, Max Speed: 2.42 M/s, Avg Speed: 1.22 M/s, Max Resolution: None
Category: 📺央视频道, Name: 河南卫视, Total: 56, Valid: 3, Valid Percent: 5.36%, Whitelist: 0, IPv4: 3, IPv6: 53, Min Delay: 20 ms, Max Speed: 75.87 M/s, Avg Speed: 51.44 M/s, Max Resolution: 1920x1080
Category: 📺央视频道, Name: 湖北卫视, Total: 61, Valid: 3, Valid Percent: 4.92%, Whitelist: 0, IPv4: 3, IPv6: 58, Min Delay: 558 ms, Max Speed: 4.81 M/s, Avg Speed: 3.38 M/s, Max Resolution: 1920x1080
Category: 📺央视频道, Name: 东南卫视, Total: 24, Valid: 2, Valid Percent: 8.33%, Whitelist: 0, IPv4: 2, IPv6: 22, Min Delay: 643 ms, Max Speed: 5.93 M/s, Avg Speed: 5.87 M/s, Max Resolution: 1920x1080
Category: 📺央视频道, Name: 贵州卫视, Total: 16, Valid: 1, Valid Percent: 6.25%, Whitelist: 0, IPv4: 1, IPv6: 15, Min Delay: 566 ms, Max Speed: 6.20 M/s, Avg Speed: 6.20 M/s, Max Resolution: 1920x1080
Category: 📺央视频道, Name: 海南卫视, Total: 83, Valid: 2, Valid Percent: 2.41%, Whitelist: 0, IPv4: 2, IPv6: 81, Min Delay: 31 ms, Max Speed: 3.17 M/s, Avg Speed: 1.94 M/s, Max Resolution: 1920x1080
Category: 📺央视频道, Name: 甘肃卫视, Total: 16, Valid: 2, Valid Percent: 12.50%, Whitelist: 0, IPv4: 2, IPv6: 14, Min Delay: 54 ms, Max Speed: 6.05 M/s, Avg Speed: 3.88 M/s, Max Resolution: 1920x1080
Category: 📺央视频道, Name: 宁夏卫视, Total: 33, Valid: 2, Valid Percent: 6.06%, Whitelist: 0, IPv4: 2, IPv6: 31, Min Delay: 36 ms, Max Speed: 6.80 M/s, Avg Speed: 4.62 M/s, Max Resolution: 1920x1080
Category: 📺央视频道, Name: 内蒙古卫视, Total: 45, Valid: 1, Valid Percent: 2.22%, Whitelist: 0, IPv4: 1, IPv6: 44, Min Delay: 605 ms, Max Speed: 7.48 M/s, Avg Speed: 7.48 M/s, Max Resolution: 1920x1080
Category: 📺央视频道, Name: 辽宁卫视, Total: 55, Valid: 1, Valid Percent: 1.82%, Whitelist: 0, IPv4: 1, IPv6: 54, Min Delay: 929 ms, Max Speed: 6.52 M/s, Avg Speed: 6.52 M/s, Max Resolution: 1920x1080
Category: 📺央视频道, Name: 青海卫视, Total: 78, Valid: 3, Valid Percent: 3.85%, Whitelist: 0, IPv4: 3, IPv6: 75, Min Delay: 338 ms, Max Speed: 5.40 M/s, Avg Speed: 2.41 M/s, Max Resolution: 1920x1080
Category: 📺央视频道, Name: 吉林卫视, Total: 52, Valid: 1, Valid Percent: 1.92%, Whitelist: 0, IPv4: 1, IPv6: 51, Min Delay: 588 ms, Max Speed: 7.38 M/s, Avg Speed: 7.38 M/s, Max Resolution: 1920x1080
Category: 📺央视频道, Name: 黑龙江卫视, Total: 18, Valid: 3, Valid Percent: 16.67%, Whitelist: 0, IPv4: 3, IPv6: 15, Min Delay: 29 ms, Max Speed: 22.65 M/s, Avg Speed: 9.28 M/s, Max Resolution: 1920x1080
Category: 📺央视频道, Name: 西藏卫视, Total: 13, Valid: 1, Valid Percent: 7.69%, Whitelist: 0, IPv4: 1, IPv6: 12, Min Delay: 690 ms, Max Speed: 6.21 M/s, Avg Speed: 6.21 M/s, Max Resolution: 1920x1080
Category: 📺央视频道, Name: 新疆卫视, Total: 17, Valid: 2, Valid Percent: 11.76%, Whitelist: 0, IPv4: 2, IPv6: 15, Min Delay: 35 ms, Max Speed: 7.92 M/s, Avg Speed: 5.18 M/s, Max Resolution: 1920x1080
Category: 📺央视频道, Name: 纪实科教, Total: 3, Valid: 0, Valid Percent: 0.00%, Whitelist: 0, IPv4: 0, IPv6: 3, Min Delay: -1 ms, Max Speed: 0.00 M/s, Avg Speed: 0.00 M/s, Max Resolution: None
